<?xml version="1.0" encoding="UTF-8"?>
<testng-results skipped="0" failed="0" total="1" passed="1">
  <reporter-output>
  </reporter-output>
  <suite name="Suite" duration-ms="134925" started-at="2018-07-28T18:07:00Z" finished-at="2018-07-28T18:09:15Z">
    <groups>
      <group name="cucumber">
        <method signature="AbstractTestNGCucumberTests.feature(cucumber.api.testng.CucumberFeatureWrapper)[pri:0, instance:com.cucumber.framework.runner.login.LoginRunner@50f8360d]" name="feature" class="cucumber.api.testng.AbstractTestNGCucumberTests"/>
      </group> <!-- cucumber -->
    </groups>
    <test name="Test" duration-ms="134925" started-at="2018-07-28T18:07:00Z" finished-at="2018-07-28T18:09:15Z">
      <class name="com.cucumber.framework.runner.login.LoginRunner">
        <test-method status="PASS" signature="setUpClass()[pri:0, instance:com.cucumber.framework.runner.login.LoginRunner@50f8360d]" name="setUpClass" is-config="true" duration-ms="481" started-at="2018-07-28T23:37:00Z" finished-at="2018-07-28T23:37:00Z">
          <reporter-output>
          </reporter-output>
        </test-method> <!-- setUpClass -->
        <test-method status="PASS" signature="feature(cucumber.api.testng.CucumberFeatureWrapper)[pri:0, instance:com.cucumber.framework.runner.login.LoginRunner@50f8360d]" name="feature" duration-ms="134160" started-at="2018-07-28T23:37:01Z" description="Runs Cucumber Feature" data-provider="features" finished-at="2018-07-28T23:39:15Z">
          <params>
            <param index="0">
              <value>
                <![CDATA[Login to the application.]]>
              </value>
            </param>
          </params>
          <reporter-output>
          </reporter-output>
        </test-method> <!-- feature -->
        <test-method status="PASS" signature="tearDownClass()[pri:0, instance:com.cucumber.framework.runner.login.LoginRunner@50f8360d]" name="tearDownClass" is-config="true" duration-ms="155" started-at="2018-07-28T23:39:15Z" finished-at="2018-07-28T23:39:15Z">
          <reporter-output>
          </reporter-output>
        </test-method> <!-- tearDownClass -->
      </class> <!-- com.cucumber.framework.runner.login.LoginRunner -->
    </test> <!-- Test -->
  </suite> <!-- Suite -->
</testng-results>
