<?xml version="1.0" encoding="UTF-8"?>
<testng-results skipped="0" failed="0" total="1" passed="1">
  <reporter-output>
  </reporter-output>
  <suite name="Suite" duration-ms="18303" started-at="2018-06-21T12:42:09Z" finished-at="2018-06-21T12:42:28Z">
    <groups>
      <group name="cucumber">
        <method signature="AbstractTestNGCucumberTests.feature(cucumber.api.testng.CucumberFeatureWrapper)[pri:0, instance:com.cucumber.framework.runner.login.LoginRunner@50f8360d]" name="feature" class="cucumber.api.testng.AbstractTestNGCucumberTests"/>
      </group> <!-- cucumber -->
    </groups>
    <test name="Test" duration-ms="18303" started-at="2018-06-21T12:42:09Z" finished-at="2018-06-21T12:42:28Z">
      <class name="com.cucumber.framework.runner.login.LoginRunner">
        <test-method status="PASS" signature="setUpClass()[pri:0, instance:com.cucumber.framework.runner.login.LoginRunner@50f8360d]" name="setUpClass" is-config="true" duration-ms="753" started-at="2018-06-21T18:12:09Z" finished-at="2018-06-21T18:12:10Z">
          <reporter-output>
          </reporter-output>
        </test-method> <!-- setUpClass -->
        <test-method status="PASS" signature="feature(cucumber.api.testng.CucumberFeatureWrapper)[pri:0, instance:com.cucumber.framework.runner.login.LoginRunner@50f8360d]" name="feature" duration-ms="17272" started-at="2018-06-21T18:12:10Z" description="Runs Cucumber Feature" data-provider="features" finished-at="2018-06-21T18:12:28Z">
          <params>
            <param index="0">
              <value>
                <![CDATA[Login to the application.]]>
              </value>
            </param>
          </params>
          <reporter-output>
          </reporter-output>
        </test-method> <!-- feature -->
        <test-method status="PASS" signature="tearDownClass()[pri:0, instance:com.cucumber.framework.runner.login.LoginRunner@50f8360d]" name="tearDownClass" is-config="true" duration-ms="80" started-at="2018-06-21T18:12:28Z" finished-at="2018-06-21T18:12:28Z">
          <reporter-output>
          </reporter-output>
        </test-method> <!-- tearDownClass -->
      </class> <!-- com.cucumber.framework.runner.login.LoginRunner -->
    </test> <!-- Test -->
  </suite> <!-- Suite -->
</testng-results>
