<?xml version="1.0" encoding="UTF-8"?>
<testng-results skipped="0" failed="0" total="1" passed="1">
  <reporter-output>
  </reporter-output>
  <suite name="Default suite" duration-ms="15468" started-at="2018-07-30T00:59:43Z" finished-at="2018-07-30T00:59:59Z">
    <groups>
      <group name="cucumber">
        <method signature="AbstractTestNGCucumberTests.feature(cucumber.api.testng.CucumberFeatureWrapper)[pri:0, instance:com.cucumber.framework.runner.Case.Case_mainform@42dafa95]" name="feature" class="cucumber.api.testng.AbstractTestNGCucumberTests"/>
      </group> <!-- cucumber -->
    </groups>
    <test name="Default test" duration-ms="15468" started-at="2018-07-30T00:59:43Z" finished-at="2018-07-30T00:59:59Z">
      <class name="com.cucumber.framework.runner.Case.Case_mainform">
        <test-method status="PASS" signature="setUpClass()[pri:0, instance:com.cucumber.framework.runner.Case.Case_mainform@42dafa95]" name="setUpClass" is-config="true" duration-ms="521" started-at="2018-07-30T06:29:43Z" finished-at="2018-07-30T06:29:44Z">
          <reporter-output>
          </reporter-output>
        </test-method> <!-- setUpClass -->
        <test-method status="PASS" signature="feature(cucumber.api.testng.CucumberFeatureWrapper)[pri:0, instance:com.cucumber.framework.runner.Case.Case_mainform@42dafa95]" name="feature" duration-ms="14532" started-at="2018-07-30T06:29:44Z" description="Runs Cucumber Feature" data-provider="features" finished-at="2018-07-30T06:29:58Z">
          <params>
            <param index="0">
              <value>
                <![CDATA[Submission of metadata details to the Case main record]]>
              </value>
            </param>
          </params>
          <reporter-output>
          </reporter-output>
        </test-method> <!-- feature -->
        <test-method status="PASS" signature="tearDownClass()[pri:0, instance:com.cucumber.framework.runner.Case.Case_mainform@42dafa95]" name="tearDownClass" is-config="true" duration-ms="180" started-at="2018-07-30T06:29:58Z" finished-at="2018-07-30T06:29:59Z">
          <reporter-output>
          </reporter-output>
        </test-method> <!-- tearDownClass -->
      </class> <!-- com.cucumber.framework.runner.Case.Case_mainform -->
    </test> <!-- Default test -->
  </suite> <!-- Default suite -->
</testng-results>
