<?xml version="1.0" encoding="UTF-8"?>
<testng-results skipped="0" failed="0" total="1" passed="1">
  <reporter-output>
  </reporter-output>
  <suite name="Suite" duration-ms="43526" started-at="2018-07-28T13:07:42Z" finished-at="2018-07-28T13:08:26Z">
    <groups>
      <group name="cucumber">
        <method signature="AbstractTestNGCucumberTests.feature(cucumber.api.testng.CucumberFeatureWrapper)[pri:0, instance:com.cucumber.framework.runner.login.LoginRunner@42dafa95]" name="feature" class="cucumber.api.testng.AbstractTestNGCucumberTests"/>
      </group> <!-- cucumber -->
    </groups>
    <test name="Test" duration-ms="43526" started-at="2018-07-28T13:07:42Z" finished-at="2018-07-28T13:08:26Z">
      <class name="com.cucumber.framework.runner.login.LoginRunner">
        <test-method status="PASS" signature="setUpClass()[pri:0, instance:com.cucumber.framework.runner.login.LoginRunner@42dafa95]" name="setUpClass" is-config="true" duration-ms="367" started-at="2018-07-28T18:37:42Z" finished-at="2018-07-28T18:37:43Z">
          <reporter-output>
          </reporter-output>
        </test-method> <!-- setUpClass -->
        <test-method status="PASS" signature="feature(cucumber.api.testng.CucumberFeatureWrapper)[pri:0, instance:com.cucumber.framework.runner.login.LoginRunner@42dafa95]" name="feature" duration-ms="42897" started-at="2018-07-28T18:37:43Z" description="Runs Cucumber Feature" data-provider="features" finished-at="2018-07-28T18:38:26Z">
          <params>
            <param index="0">
              <value>
                <![CDATA[Login to the application.]]>
              </value>
            </param>
          </params>
          <reporter-output>
          </reporter-output>
        </test-method> <!-- feature -->
        <test-method status="PASS" signature="tearDownClass()[pri:0, instance:com.cucumber.framework.runner.login.LoginRunner@42dafa95]" name="tearDownClass" is-config="true" duration-ms="153" started-at="2018-07-28T18:38:26Z" finished-at="2018-07-28T18:38:26Z">
          <reporter-output>
          </reporter-output>
        </test-method> <!-- tearDownClass -->
      </class> <!-- com.cucumber.framework.runner.login.LoginRunner -->
    </test> <!-- Test -->
  </suite> <!-- Suite -->
</testng-results>
